{"/home/poyushih/HW4/thesocialmedia/src/app/authSlice.ts": {"path":"/home/poyushih/HW4/thesocialmedia/src/app/authSlice.ts","statementMap":{"0":{"start":{"line":4,"column":32},"end":{"line":248,"column":1}},"1":{"start":{"line":250,"column":25},"end":{"line":282,"column":2}},"2":{"start":{"line":255,"column":6},"end":{"line":255,"column":51}},"3":{"start":{"line":256,"column":6},"end":{"line":262,"column":9}},"4":{"start":{"line":256,"column":19},"end":{"line":256,"column":20}},"5":{"start":{"line":257,"column":8},"end":{"line":262,"column":9}},"6":{"start":{"line":258,"column":10},"end":{"line":258,"column":38}},"7":{"start":{"line":259,"column":10},"end":{"line":259,"column":32}},"8":{"start":{"line":260,"column":10},"end":{"line":260,"column":29}},"9":{"start":{"line":261,"column":10},"end":{"line":261,"column":16}},"10":{"start":{"line":265,"column":6},"end":{"line":265,"column":24}},"11":{"start":{"line":266,"column":6},"end":{"line":266,"column":29}},"12":{"start":{"line":269,"column":22},"end":{"line":269,"column":36}},"13":{"start":{"line":270,"column":6},"end":{"line":270,"column":27}},"14":{"start":{"line":271,"column":6},"end":{"line":271,"column":25}},"15":{"start":{"line":272,"column":6},"end":{"line":272,"column":28}},"16":{"start":{"line":275,"column":19},"end":{"line":275,"column":40}},"17":{"start":{"line":276,"column":21},"end":{"line":276,"column":44}},"18":{"start":{"line":277,"column":6},"end":{"line":277,"column":48}},"19":{"start":{"line":278,"column":6},"end":{"line":279,"column":63}},"20":{"start":{"line":279,"column":8},"end":{"line":279,"column":63}},"21":{"start":{"line":284,"column":57},"end":{"line":284,"column":74}}},"fnMap":{"0":{"name":"(anonymous_0)","decl":{"start":{"line":254,"column":11},"end":{"line":254,"column":12}},"loc":{"start":{"line":254,"column":30},"end":{"line":263,"column":5}},"line":254},"1":{"name":"(anonymous_1)","decl":{"start":{"line":264,"column":12},"end":{"line":264,"column":13}},"loc":{"start":{"line":264,"column":23},"end":{"line":267,"column":5}},"line":264},"2":{"name":"(anonymous_2)","decl":{"start":{"line":268,"column":14},"end":{"line":268,"column":15}},"loc":{"start":{"line":268,"column":38},"end":{"line":273,"column":5}},"line":268},"3":{"name":"(anonymous_3)","decl":{"start":{"line":274,"column":18},"end":{"line":274,"column":19}},"loc":{"start":{"line":274,"column":42},"end":{"line":280,"column":5}},"line":274}},"branchMap":{"0":{"loc":{"start":{"line":257,"column":8},"end":{"line":262,"column":9}},"type":"if","locations":[{"start":{"line":257,"column":8},"end":{"line":262,"column":9}},{"start":{},"end":{}}],"line":257},"1":{"loc":{"start":{"line":257,"column":12},"end":{"line":257,"column":124}},"type":"binary-expr","locations":[{"start":{"line":257,"column":12},"end":{"line":257,"column":63}},{"start":{"line":257,"column":67},"end":{"line":257,"column":124}}],"line":257},"2":{"loc":{"start":{"line":278,"column":6},"end":{"line":279,"column":63}},"type":"if","locations":[{"start":{"line":278,"column":6},"end":{"line":279,"column":63}},{"start":{},"end":{}}],"line":278}},"s":{"0":4,"1":4,"2":4,"3":4,"4":4,"5":13,"6":3,"7":3,"8":3,"9":3,"10":2,"11":2,"12":2,"13":2,"14":2,"15":2,"16":2,"17":2,"18":2,"19":2,"20":1,"21":4},"f":{"0":4,"1":2,"2":2,"3":2},"b":{"0":[3,10],"1":[13,3],"2":[1,1]},"_coverageSchema":"1a1c01bbd47fc00a2c39e90264f33305004495a9","hash":"0167db45de937fc2ced8e0ee1d72efd29cf14760"}
,"/home/poyushih/HW4/thesocialmedia/src/app/hooks.ts": {"path":"/home/poyushih/HW4/thesocialmedia/src/app/hooks.ts","statementMap":{"0":{"start":{"line":4,"column":30},"end":{"line":4,"column":62}},"1":{"start":{"line":4,"column":36},"end":{"line":4,"column":62}},"2":{"start":{"line":5,"column":63},"end":{"line":5,"column":74}}},"fnMap":{"0":{"name":"(anonymous_0)","decl":{"start":{"line":4,"column":30},"end":{"line":4,"column":31}},"loc":{"start":{"line":4,"column":36},"end":{"line":4,"column":62}},"line":4}},"branchMap":{},"s":{"0":1,"1":0,"2":1},"f":{"0":0},"b":{},"_coverageSchema":"1a1c01bbd47fc00a2c39e90264f33305004495a9","hash":"f68559dfabc4a5b72c15b11b176265804d03bb17"}
,"/home/poyushih/HW4/thesocialmedia/src/app/postsSlice.ts": {"path":"/home/poyushih/HW4/thesocialmedia/src/app/postsSlice.ts","statementMap":{"0":{"start":{"line":5,"column":26},"end":{"line":644,"column":2}},"1":{"start":{"line":615,"column":19},"end":{"line":615,"column":67}},"2":{"start":{"line":616,"column":19},"end":{"line":616,"column":72}},"3":{"start":{"line":617,"column":8},"end":{"line":617,"column":28}},"4":{"start":{"line":618,"column":8},"end":{"line":618,"column":20}},"5":{"start":{"line":620,"column":6},"end":{"line":622,"column":8}},"6":{"start":{"line":621,"column":8},"end":{"line":621,"column":76}},"7":{"start":{"line":625,"column":23},"end":{"line":625,"column":55}},"8":{"start":{"line":625,"column":45},"end":{"line":625,"column":53}},"9":{"start":{"line":626,"column":6},"end":{"line":640,"column":9}},"10":{"start":{"line":629,"column":12},"end":{"line":629,"column":100}},"11":{"start":{"line":633,"column":12},"end":{"line":633,"column":75}},"12":{"start":{"line":637,"column":12},"end":{"line":639,"column":90}},"13":{"start":{"line":646,"column":46},"end":{"line":646,"column":64}}},"fnMap":{"0":{"name":"(anonymous_0)","decl":{"start":{"line":613,"column":21},"end":{"line":613,"column":22}},"loc":{"start":{"line":613,"column":32},"end":{"line":623,"column":5}},"line":613},"1":{"name":"randomDate","decl":{"start":{"line":614,"column":15},"end":{"line":614,"column":25}},"loc":{"start":{"line":614,"column":84},"end":{"line":619,"column":7}},"line":614},"2":{"name":"(anonymous_2)","decl":{"start":{"line":620,"column":26},"end":{"line":620,"column":27}},"loc":{"start":{"line":620,"column":41},"end":{"line":622,"column":7}},"line":620},"3":{"name":"(anonymous_3)","decl":{"start":{"line":624,"column":15},"end":{"line":624,"column":16}},"loc":{"start":{"line":624,"column":34},"end":{"line":641,"column":5}},"line":624},"4":{"name":"(anonymous_4)","decl":{"start":{"line":625,"column":39},"end":{"line":625,"column":40}},"loc":{"start":{"line":625,"column":45},"end":{"line":625,"column":53}},"line":625},"5":{"name":"(anonymous_5)","decl":{"start":{"line":628,"column":10},"end":{"line":628,"column":11}},"loc":{"start":{"line":629,"column":12},"end":{"line":629,"column":100}},"line":629},"6":{"name":"(anonymous_6)","decl":{"start":{"line":632,"column":10},"end":{"line":632,"column":11}},"loc":{"start":{"line":633,"column":12},"end":{"line":633,"column":75}},"line":633},"7":{"name":"(anonymous_7)","decl":{"start":{"line":636,"column":10},"end":{"line":636,"column":11}},"loc":{"start":{"line":637,"column":12},"end":{"line":639,"column":90}},"line":637}},"branchMap":{"0":{"loc":{"start":{"line":629,"column":12},"end":{"line":629,"column":100}},"type":"binary-expr","locations":[{"start":{"line":629,"column":13},"end":{"line":629,"column":51}},{"start":{"line":629,"column":56},"end":{"line":629,"column":100}}],"line":629},"1":{"loc":{"start":{"line":637,"column":12},"end":{"line":639,"column":90}},"type":"binary-expr","locations":[{"start":{"line":637,"column":12},"end":{"line":637,"column":54}},{"start":{"line":638,"column":12},"end":{"line":638,"column":55}},{"start":{"line":639,"column":12},"end":{"line":639,"column":90}}],"line":637}},"s":{"0":4,"1":100,"2":100,"3":100,"4":100,"5":1,"6":100,"7":6,"8":600,"9":6,"10":600,"11":234,"12":240,"13":4},"f":{"0":1,"1":100,"2":100,"3":6,"4":600,"5":600,"6":234,"7":240},"b":{"0":[600,540],"1":[240,84,83]},"_coverageSchema":"1a1c01bbd47fc00a2c39e90264f33305004495a9","hash":"6a2c67ce01f1608f9a9ccb30bc8d9c60511de1a9"}
,"/home/poyushih/HW4/thesocialmedia/src/app/store.ts": {"path":"/home/poyushih/HW4/thesocialmedia/src/app/store.ts","statementMap":{"0":{"start":{"line":5,"column":34},"end":{"line":8,"column":1}},"1":{"start":{"line":6,"column":26},"end":{"line":6,"column":47}},"2":{"start":{"line":7,"column":2},"end":{"line":7,"column":49}},"3":{"start":{"line":10,"column":36},"end":{"line":14,"column":1}},"4":{"start":{"line":11,"column":26},"end":{"line":11,"column":55}},"5":{"start":{"line":12,"column":2},"end":{"line":12,"column":49}},"6":{"start":{"line":12,"column":32},"end":{"line":12,"column":49}},"7":{"start":{"line":13,"column":2},"end":{"line":13,"column":37}},"8":{"start":{"line":16,"column":30},"end":{"line":16,"column":52}},"9":{"start":{"line":18,"column":14},"end":{"line":28,"column":2}},"10":{"start":{"line":25,"column":4},"end":{"line":27,"column":6}},"11":{"start":{"line":32,"column":0},"end":{"line":32,"column":60}},"12":{"start":{"line":32,"column":22},"end":{"line":32,"column":58}},"13":{"start":{"line":38,"column":26},"end":{"line":48,"column":2}},"14":{"start":{"line":38,"column":74},"end":{"line":48,"column":2}},"15":{"start":{"line":45,"column":4},"end":{"line":47,"column":6}}},"fnMap":{"0":{"name":"(anonymous_0)","decl":{"start":{"line":5,"column":34},"end":{"line":5,"column":35}},"loc":{"start":{"line":5,"column":50},"end":{"line":8,"column":1}},"line":5},"1":{"name":"(anonymous_1)","decl":{"start":{"line":10,"column":36},"end":{"line":10,"column":37}},"loc":{"start":{"line":10,"column":42},"end":{"line":14,"column":1}},"line":10},"2":{"name":"(anonymous_2)","decl":{"start":{"line":24,"column":14},"end":{"line":24,"column":15}},"loc":{"start":{"line":25,"column":4},"end":{"line":27,"column":6}},"line":25},"3":{"name":"(anonymous_3)","decl":{"start":{"line":32,"column":16},"end":{"line":32,"column":17}},"loc":{"start":{"line":32,"column":22},"end":{"line":32,"column":58}},"line":32},"4":{"name":"(anonymous_4)","decl":{"start":{"line":38,"column":26},"end":{"line":38,"column":27}},"loc":{"start":{"line":38,"column":74},"end":{"line":48,"column":2}},"line":38},"5":{"name":"(anonymous_5)","decl":{"start":{"line":44,"column":14},"end":{"line":44,"column":15}},"loc":{"start":{"line":45,"column":4},"end":{"line":47,"column":6}},"line":45}},"branchMap":{"0":{"loc":{"start":{"line":12,"column":2},"end":{"line":12,"column":49}},"type":"if","locations":[{"start":{"line":12,"column":2},"end":{"line":12,"column":49}},{"start":{},"end":{}}],"line":12}},"s":{"0":4,"1":2,"2":2,"3":4,"4":5,"5":5,"6":4,"7":1,"8":4,"9":4,"10":4,"11":4,"12":0,"13":4,"14":5,"15":5},"f":{"0":2,"1":5,"2":4,"3":0,"4":5,"5":5},"b":{"0":[4,1]},"_coverageSchema":"1a1c01bbd47fc00a2c39e90264f33305004495a9","hash":"d211e6cdf5e52f15ea11fbaa40703d897a4c0b51"}
}
