TN:
SF:src/app/authSlice.ts
FN:254,(anonymous_0)
FN:264,(anonymous_1)
FN:268,(anonymous_2)
FN:274,(anonymous_3)
FNF:4
FNH:4
FNDA:4,(anonymous_0)
FNDA:2,(anonymous_1)
FNDA:2,(anonymous_2)
FNDA:2,(anonymous_3)
DA:4,4
DA:250,4
DA:255,4
DA:256,4
DA:257,13
DA:258,3
DA:259,3
DA:260,3
DA:261,3
DA:265,2
DA:266,2
DA:269,2
DA:270,2
DA:271,2
DA:272,2
DA:275,2
DA:276,2
DA:277,2
DA:278,2
DA:279,1
DA:284,4
LF:21
LH:21
BRDA:257,0,0,3
BRDA:257,0,1,10
BRDA:257,1,0,13
BRDA:257,1,1,3
BRDA:278,2,0,1
BRDA:278,2,1,1
BRF:6
BRH:6
end_of_record
TN:
SF:src/app/hooks.ts
FN:4,(anonymous_0)
FNF:1
FNH:0
FNDA:0,(anonymous_0)
DA:4,1
DA:5,1
LF:2
LH:2
BRF:0
BRH:0
end_of_record
TN:
SF:src/app/postsSlice.ts
FN:613,(anonymous_0)
FN:614,randomDate
FN:620,(anonymous_2)
FN:624,(anonymous_3)
FN:625,(anonymous_4)
FN:628,(anonymous_5)
FN:632,(anonymous_6)
FN:636,(anonymous_7)
FNF:8
FNH:8
FNDA:1,(anonymous_0)
FNDA:100,randomDate
FNDA:100,(anonymous_2)
FNDA:6,(anonymous_3)
FNDA:600,(anonymous_4)
FNDA:600,(anonymous_5)
FNDA:234,(anonymous_6)
FNDA:240,(anonymous_7)
DA:5,4
DA:615,100
DA:616,100
DA:617,100
DA:618,100
DA:620,1
DA:621,100
DA:625,600
DA:626,6
DA:629,600
DA:633,234
DA:637,240
DA:646,4
LF:13
LH:13
BRDA:629,0,0,600
BRDA:629,0,1,540
BRDA:637,1,0,240
BRDA:637,1,1,84
BRDA:637,1,2,83
BRF:5
BRH:5
end_of_record
TN:
SF:src/app/store.ts
FN:5,(anonymous_0)
FN:10,(anonymous_1)
FN:24,(anonymous_2)
FN:32,(anonymous_3)
FN:38,(anonymous_4)
FN:44,(anonymous_5)
FNF:6
FNH:5
FNDA:2,(anonymous_0)
FNDA:5,(anonymous_1)
FNDA:4,(anonymous_2)
FNDA:0,(anonymous_3)
FNDA:5,(anonymous_4)
FNDA:5,(anonymous_5)
DA:5,4
DA:6,2
DA:7,2
DA:10,4
DA:11,5
DA:12,5
DA:13,1
DA:16,4
DA:18,4
DA:25,4
DA:32,4
DA:38,5
DA:45,5
LF:13
LH:13
BRDA:12,0,0,4
BRDA:12,0,1,1
BRF:2
BRH:2
end_of_record
